<?xml version="1.0" encoding="UTF-8"?>
<testng-results ignored="0" total="4" passed="2" failed="2" skipped="0">
  <reporter-output>
  </reporter-output>
  <suite started-at="2025-02-20T11:31:43Z" name="Suite" finished-at="2025-02-20T11:32:24Z" duration-ms="40659">
    <groups>
    </groups>
    <test started-at="2025-02-20T11:31:43Z" name="TestRunner-Chrome" finished-at="2025-02-20T11:32:23Z" duration-ms="39641">
      <class name="practice.testNG.InvoiceTest">
        <test-method is-config="true" signature="congigBS()[pri:0, instance:practice.testNG.InvoiceTest@5f9be66c]" started-at="2025-02-20T11:31:43Z" name="congigBS" finished-at="2025-02-20T11:31:43Z" duration-ms="415" status="PASS">
          <reporter-output>
          </reporter-output>
        </test-method> <!-- congigBS -->
        <test-method is-config="true" signature="congigBC(java.lang.String)[pri:0, instance:practice.testNG.InvoiceTest@5f9be66c]" started-at="2025-02-20T11:31:43Z" name="congigBC" finished-at="2025-02-20T11:31:50Z" duration-ms="6303" status="PASS">
          <params>
            <param index="0">
              <value>
                <![CDATA[chrome]]>
              </value>
            </param>
          </params>
          <reporter-output>
          </reporter-output>
        </test-method> <!-- congigBC -->
        <test-method is-config="true" signature="congigBM()[pri:0, instance:practice.testNG.InvoiceTest@5f9be66c]" started-at="2025-02-20T11:31:50Z" name="congigBM" finished-at="2025-02-20T11:31:55Z" duration-ms="5200" status="PASS">
          <reporter-output>
          </reporter-output>
        </test-method> <!-- congigBM -->
        <test-method signature="createInvoiceTest()[pri:0, instance:practice.testNG.InvoiceTest@5f9be66c]" started-at="2025-02-20T11:31:55Z" name="createInvoiceTest" finished-at="2025-02-20T11:31:55Z" duration-ms="418" status="FAIL">
          <exception class="java.lang.AssertionError">
            <message>
              <![CDATA[expected [Login] but found [Administrator - Home - vtiger CRM 5 - Commercial Open Source CRM]]]>
            </message>
            <full-stacktrace>
              <![CDATA[java.lang.AssertionError: expected [Login] but found [Administrator - Home - vtiger CRM 5 - Commercial Open Source CRM]
at org.testng.Assert.fail(Assert.java:96)
at org.testng.Assert.failNotEquals(Assert.java:776)
at org.testng.Assert.assertEqualsImpl(Assert.java:137)
at org.testng.Assert.assertEquals(Assert.java:118)
at org.testng.Assert.assertEquals(Assert.java:453)
at org.testng.Assert.assertEquals(Assert.java:463)
at practice.testNG.InvoiceTest.createInvoiceTest(InvoiceTest.java:14)
at java.base/jdk.internal.reflect.DirectMethodHandleAccessor.invoke(DirectMethodHandleAccessor.java:103)
at java.base/java.lang.reflect.Method.invoke(Method.java:580)
at org.testng.internal.MethodInvocationHelper.invokeMethod(MethodInvocationHelper.java:124)
at org.testng.internal.Invoker.invokeMethod(Invoker.java:583)
at org.testng.internal.Invoker.invokeTestMethod(Invoker.java:719)
at org.testng.internal.Invoker.invokeTestMethods(Invoker.java:989)
at org.testng.internal.TestMethodWorker.invokeTestMethods(TestMethodWorker.java:125)
at org.testng.internal.TestMethodWorker.run(TestMethodWorker.java:109)
at org.testng.TestRunner.privateRun(TestRunner.java:648)
at org.testng.TestRunner.run(TestRunner.java:505)
at org.testng.SuiteRunner.runTest(SuiteRunner.java:455)
at org.testng.SuiteRunner.access$000(SuiteRunner.java:40)
at org.testng.SuiteRunner$SuiteWorker.run(SuiteRunner.java:489)
at org.testng.internal.thread.ThreadUtil$1.call(ThreadUtil.java:52)
at java.base/java.util.concurrent.FutureTask.run(FutureTask.java:317)
at java.base/java.util.concurrent.ThreadPoolExecutor.runWorker(ThreadPoolExecutor.java:1144)
at java.base/java.util.concurrent.ThreadPoolExecutor$Worker.run(ThreadPoolExecutor.java:642)
at java.base/java.lang.Thread.run(Thread.java:1583)
]]>
            </full-stacktrace>
          </exception> <!-- java.lang.AssertionError -->
          <reporter-output>
          </reporter-output>
        </test-method> <!-- createInvoiceTest -->
        <test-method is-config="true" signature="congigAM()[pri:0, instance:practice.testNG.InvoiceTest@5f9be66c]" started-at="2025-02-20T11:31:57Z" name="congigAM" finished-at="2025-02-20T11:32:04Z" duration-ms="6674" status="PASS">
          <reporter-output>
          </reporter-output>
        </test-method> <!-- congigAM -->
        <test-method is-config="true" signature="congigBM()[pri:0, instance:practice.testNG.InvoiceTest@5f9be66c]" started-at="2025-02-20T11:32:04Z" name="congigBM" finished-at="2025-02-20T11:32:09Z" duration-ms="5283" status="PASS">
          <reporter-output>
          </reporter-output>
        </test-method> <!-- congigBM -->
        <test-method signature="createInvoiceWithContactTest()[pri:0, instance:practice.testNG.InvoiceTest@5f9be66c]" started-at="2025-02-20T11:32:09Z" name="createInvoiceWithContactTest" finished-at="2025-02-20T11:32:09Z" duration-ms="3" status="PASS">
          <reporter-output>
          </reporter-output>
        </test-method> <!-- createInvoiceWithContactTest -->
        <test-method is-config="true" signature="congigAM()[pri:0, instance:practice.testNG.InvoiceTest@5f9be66c]" started-at="2025-02-20T11:32:09Z" name="congigAM" finished-at="2025-02-20T11:32:20Z" duration-ms="11375" status="PASS">
          <reporter-output>
          </reporter-output>
        </test-method> <!-- congigAM -->
        <test-method is-config="true" signature="congigAC()[pri:0, instance:practice.testNG.InvoiceTest@5f9be66c]" started-at="2025-02-20T11:32:20Z" name="congigAC" finished-at="2025-02-20T11:32:23Z" duration-ms="2503" status="PASS">
          <reporter-output>
          </reporter-output>
        </test-method> <!-- congigAC -->
        <test-method is-config="true" signature="congigAS()[pri:0, instance:practice.testNG.InvoiceTest@5f9be66c]" started-at="2025-02-20T11:32:24Z" name="congigAS" finished-at="2025-02-20T11:32:24Z" duration-ms="15" status="PASS">
          <reporter-output>
          </reporter-output>
        </test-method> <!-- congigAS -->
      </class> <!-- practice.testNG.InvoiceTest -->
    </test> <!-- TestRunner-Chrome -->
    <test started-at="2025-02-20T11:31:43Z" name="TestRunner-edge" finished-at="2025-02-20T11:32:24Z" duration-ms="40659">
      <class name="practice.testNG.InvoiceTest">
        <test-method is-config="true" signature="congigBC(java.lang.String)[pri:0, instance:practice.testNG.InvoiceTest@7a55af6b]" started-at="2025-02-20T11:31:43Z" name="congigBC" finished-at="2025-02-20T11:31:50Z" duration-ms="7070" status="PASS">
          <params>
            <param index="0">
              <value>
                <![CDATA[edge]]>
              </value>
            </param>
          </params>
          <reporter-output>
          </reporter-output>
        </test-method> <!-- congigBC -->
        <test-method is-config="true" signature="congigBM()[pri:0, instance:practice.testNG.InvoiceTest@7a55af6b]" started-at="2025-02-20T11:31:50Z" name="congigBM" finished-at="2025-02-20T11:31:56Z" duration-ms="5965" status="PASS">
          <reporter-output>
          </reporter-output>
        </test-method> <!-- congigBM -->
        <test-method signature="createInvoiceTest()[pri:0, instance:practice.testNG.InvoiceTest@7a55af6b]" started-at="2025-02-20T11:31:56Z" name="createInvoiceTest" finished-at="2025-02-20T11:31:57Z" duration-ms="945" status="FAIL">
          <exception class="java.lang.AssertionError">
            <message>
              <![CDATA[expected [Login] but found [Administrator - Home - vtiger CRM 5 - Commercial Open Source CRM]]]>
            </message>
            <full-stacktrace>
              <![CDATA[java.lang.AssertionError: expected [Login] but found [Administrator - Home - vtiger CRM 5 - Commercial Open Source CRM]
at org.testng.Assert.fail(Assert.java:96)
at org.testng.Assert.failNotEquals(Assert.java:776)
at org.testng.Assert.assertEqualsImpl(Assert.java:137)
at org.testng.Assert.assertEquals(Assert.java:118)
at org.testng.Assert.assertEquals(Assert.java:453)
at org.testng.Assert.assertEquals(Assert.java:463)
at practice.testNG.InvoiceTest.createInvoiceTest(InvoiceTest.java:14)
at java.base/jdk.internal.reflect.DirectMethodHandleAccessor.invoke(DirectMethodHandleAccessor.java:103)
at java.base/java.lang.reflect.Method.invoke(Method.java:580)
at org.testng.internal.MethodInvocationHelper.invokeMethod(MethodInvocationHelper.java:124)
at org.testng.internal.Invoker.invokeMethod(Invoker.java:583)
at org.testng.internal.Invoker.invokeTestMethod(Invoker.java:719)
at org.testng.internal.Invoker.invokeTestMethods(Invoker.java:989)
at org.testng.internal.TestMethodWorker.invokeTestMethods(TestMethodWorker.java:125)
at org.testng.internal.TestMethodWorker.run(TestMethodWorker.java:109)
at org.testng.TestRunner.privateRun(TestRunner.java:648)
at org.testng.TestRunner.run(TestRunner.java:505)
at org.testng.SuiteRunner.runTest(SuiteRunner.java:455)
at org.testng.SuiteRunner.access$000(SuiteRunner.java:40)
at org.testng.SuiteRunner$SuiteWorker.run(SuiteRunner.java:489)
at org.testng.internal.thread.ThreadUtil$1.call(ThreadUtil.java:52)
at java.base/java.util.concurrent.FutureTask.run(FutureTask.java:317)
at java.base/java.util.concurrent.ThreadPoolExecutor.runWorker(ThreadPoolExecutor.java:1144)
at java.base/java.util.concurrent.ThreadPoolExecutor$Worker.run(ThreadPoolExecutor.java:642)
at java.base/java.lang.Thread.run(Thread.java:1583)
]]>
            </full-stacktrace>
          </exception> <!-- java.lang.AssertionError -->
          <reporter-output>
          </reporter-output>
        </test-method> <!-- createInvoiceTest -->
        <test-method is-config="true" signature="congigAM()[pri:0, instance:practice.testNG.InvoiceTest@7a55af6b]" started-at="2025-02-20T11:31:58Z" name="congigAM" finished-at="2025-02-20T11:32:05Z" duration-ms="6919" status="PASS">
          <reporter-output>
          </reporter-output>
        </test-method> <!-- congigAM -->
        <test-method is-config="true" signature="congigBM()[pri:0, instance:practice.testNG.InvoiceTest@7a55af6b]" started-at="2025-02-20T11:32:05Z" name="congigBM" finished-at="2025-02-20T11:32:11Z" duration-ms="6581" status="PASS">
          <reporter-output>
          </reporter-output>
        </test-method> <!-- congigBM -->
        <test-method signature="createInvoiceWithContactTest()[pri:0, instance:practice.testNG.InvoiceTest@7a55af6b]" started-at="2025-02-20T11:32:11Z" name="createInvoiceWithContactTest" finished-at="2025-02-20T11:32:11Z" duration-ms="4" status="PASS">
          <reporter-output>
          </reporter-output>
        </test-method> <!-- createInvoiceWithContactTest -->
        <test-method is-config="true" signature="congigAM()[pri:0, instance:practice.testNG.InvoiceTest@7a55af6b]" started-at="2025-02-20T11:32:11Z" name="congigAM" finished-at="2025-02-20T11:32:22Z" duration-ms="10516" status="PASS">
          <reporter-output>
          </reporter-output>
        </test-method> <!-- congigAM -->
        <test-method is-config="true" signature="congigAC()[pri:0, instance:practice.testNG.InvoiceTest@7a55af6b]" started-at="2025-02-20T11:32:22Z" name="congigAC" finished-at="2025-02-20T11:32:24Z" duration-ms="1999" status="PASS">
          <reporter-output>
          </reporter-output>
        </test-method> <!-- congigAC -->
      </class> <!-- practice.testNG.InvoiceTest -->
    </test> <!-- TestRunner-edge -->
  </suite> <!-- Suite -->
</testng-results>
